
Showing logs for build [32mcb-kubecd-environment-pr-230-13-vmgwl-1[0m stage [32mfrom-build-pack[0m and container [32mstep-credential-initializer-46wwk[0m
{"level":"info","ts":1590246151.367687,"logger":"fallback-logger","caller":"logging/config.go:69","msg":"Fetch GitHub commit ID from kodata failed: open /var/run/ko/refs/heads/0.8.0-ns-support: no such file or directory"}
{"level":"info","ts":1590246151.4122295,"logger":"fallback-logger","caller":"creds-init/main.go:40","msg":"Credentials initialized."}

Showing logs for build [32mcb-kubecd-environment-pr-230-13-vmgwl-1[0m stage [32mfrom-build-pack[0m and container [32mstep-working-dir-initializer-zdqbj[0m
{"level":"info","ts":1590246152.9064558,"logger":"fallback-logger","caller":"logging/config.go:69","msg":"Fetch GitHub commit ID from kodata failed: open /var/run/ko/HEAD: no such file or directory"}
{"level":"info","ts":1590246152.9076903,"logger":"fallback-logger","caller":"bash/main.go:64","msg":"Successfully executed command \"sh -c mkdir -p /workspace/source\"; output "}

Showing logs for build [32mcb-kubecd-environment-pr-230-13-vmgwl-1[0m stage [32mfrom-build-pack[0m and container [32mstep-place-tools[0m

Showing logs for build [32mcb-kubecd-environment-pr-230-13-vmgwl-1[0m stage [32mfrom-build-pack[0m and container [32mstep-git-source-cb-kubecd-environment-pr-230-13-vmgwl-ffc4n[0m
{"level":"info","ts":1590246158.2100103,"logger":"fallback-logger","caller":"logging/config.go:69","msg":"Fetch GitHub commit ID from kodata failed: open /var/run/ko/refs/heads/0.8.0-ns-support: no such file or directory"}
{"level":"info","ts":1590246159.2424166,"logger":"fallback-logger","caller":"git/git.go:103","msg":"Successfully cloned https://github.com/cb-kubecd/environment-pr-230-13-boot-gke-staging.git @ master in path /workspace/source"}

Showing logs for build [32mcb-kubecd-environment-pr-230-13-vmgwl-1[0m stage [32mfrom-build-pack[0m and container [32mstep-git-merge[0m
Using SHAs from PULL_REFS=master:49e3ee0937b79096ca6ec054c7bfed6c7d1cb35a,3:f88004ea1263ddbd0ce6ad438dcd43b08ffa6353
DEBUG: LC_ALL=C JX_LOG_LEVEL=error git fetch origin --unshallow f88004ea1263ddbd0ce6ad438dcd43b08ffa6353: 49e3ee0937b79096ca6ec054c7bfed6c7d1cb35a:
DEBUG: ran git fetch --unshallow origin f88004ea1263ddbd0ce6ad438dcd43b08ffa6353: 49e3ee0937b79096ca6ec054c7bfed6c7d1cb35a: in 
DEBUG: LC_ALL=C JX_LOG_LEVEL=error git branch
DEBUG: LC_ALL=C JX_LOG_LEVEL=error git checkout master
DEBUG: ran git checkout master in 
DEBUG: LC_ALL=C JX_LOG_LEVEL=error git reset --hard 49e3ee0937b79096ca6ec054c7bfed6c7d1cb35a
DEBUG: ran git reset --hard 49e3ee0937b79096ca6ec054c7bfed6c7d1cb35a in 
DEBUG: LC_ALL=C JX_LOG_LEVEL=error git clean -fd .
DEBUG: ran clean --force -d . in 
DEBUG: LC_ALL=C JX_LOG_LEVEL=error git merge f88004ea1263ddbd0ce6ad438dcd43b08ffa6353
DEBUG: ran git merge f88004ea1263ddbd0ce6ad438dcd43b08ffa6353 in 
DEBUG: LC_ALL=C JX_LOG_LEVEL=error git log --format=%H%x1f%an%x1f%ae%x1f%cn%x1f%ce%x1f%s%n%b%x1e 49e3ee0937b79096ca6ec054c7bfed6c7d1cb35a..HEAD
Merged SHA f88004ea1263ddbd0ce6ad438dcd43b08ffa6353 with commit message 'chore: Promote bdd-sbhg-1590245154 to version 0.0.1' into base branch master

Showing logs for build [32mcb-kubecd-environment-pr-230-13-vmgwl-1[0m stage [32mfrom-build-pack[0m and container [32mstep-build-helm-build[0m
WARNING: No $CHART_REPOSITORY defined so using the default value of: http://jenkins-x-chartmuseum:8080
Adding missing Helm repo: storage.googleapis.com https://storage.googleapis.com/chartmuseum.jenkins-x.io
WARNING: No secrets found on "helm/repos" due: reading the secret "helm/repos" from vault: no secret "helm/repos" not found in vault
Read credentials for https://storage.googleapis.com/chartmuseum.jenkins-x.io from vault helm/repos
Successfully added Helm repository storage.googleapis.com.
Adding missing Helm repo: jenkins-x-chartmuseum http://jenkins-x-chartmuseum:8080
WARNING: No secrets found on "helm/repos" due: reading the secret "helm/repos" from vault: no secret "helm/repos" not found in vault
Read credentials for http://jenkins-x-chartmuseum:8080 from vault helm/repos
Successfully added Helm repository jenkins-x-chartmuseum.
WARNING: No $CHART_REPOSITORY defined so using the default value of: http://jenkins-x-chartmuseum:8080
Adding missing Helm repo: chartmuseum.jenkins-x.io http://chartmuseum.jenkins-x.io
WARNING: No secrets found on "helm/repos" due: reading the secret "helm/repos" from vault: no secret "helm/repos" not found in vault
Read credentials for http://chartmuseum.jenkins-x.io from vault helm/repos
Successfully added Helm repository chartmuseum.jenkins-x.io.
