
Showing logs for build [32mcb-kubecd-environment-pr-230-13-xxhsv-1[0m stage [32mfrom-build-pack[0m and container [32mstep-credential-initializer-krqmh[0m
{"level":"info","ts":1590248883.379377,"logger":"fallback-logger","caller":"logging/config.go:69","msg":"Fetch GitHub commit ID from kodata failed: open /var/run/ko/refs/heads/0.8.0-ns-support: no such file or directory"}
{"level":"info","ts":1590248883.3800974,"logger":"fallback-logger","caller":"creds-init/main.go:40","msg":"Credentials initialized."}

Showing logs for build [32mcb-kubecd-environment-pr-230-13-xxhsv-1[0m stage [32mfrom-build-pack[0m and container [32mstep-working-dir-initializer-8rkp8[0m
{"level":"info","ts":1590248884.1288776,"logger":"fallback-logger","caller":"logging/config.go:69","msg":"Fetch GitHub commit ID from kodata failed: open /var/run/ko/HEAD: no such file or directory"}
{"level":"info","ts":1590248884.1326065,"logger":"fallback-logger","caller":"bash/main.go:64","msg":"Successfully executed command \"sh -c mkdir -p /workspace/source\"; output "}

Showing logs for build [32mcb-kubecd-environment-pr-230-13-xxhsv-1[0m stage [32mfrom-build-pack[0m and container [32mstep-place-tools[0m

Showing logs for build [32mcb-kubecd-environment-pr-230-13-xxhsv-1[0m stage [32mfrom-build-pack[0m and container [32mstep-git-source-cb-kubecd-environment-pr-230-13-xxhsv-llmgf[0m
{"level":"info","ts":1590248889.3881593,"logger":"fallback-logger","caller":"logging/config.go:69","msg":"Fetch GitHub commit ID from kodata failed: open /var/run/ko/refs/heads/0.8.0-ns-support: no such file or directory"}
{"level":"info","ts":1590248890.5561671,"logger":"fallback-logger","caller":"git/git.go:103","msg":"Successfully cloned https://github.com/cb-kubecd/environment-pr-230-13-boot-gke-staging.git @ master in path /workspace/source"}

Showing logs for build [32mcb-kubecd-environment-pr-230-13-xxhsv-1[0m stage [32mfrom-build-pack[0m and container [32mstep-git-merge[0m
Using SHAs from PULL_REFS=master:986534100ce686addf1f8e62352e175460d5b025,7:97e8390ae4eb48174d79d134e89c04e3bc18c0ba
DEBUG: JX_LOG_LEVEL=error LC_ALL=C git fetch origin --unshallow 97e8390ae4eb48174d79d134e89c04e3bc18c0ba: 986534100ce686addf1f8e62352e175460d5b025:
DEBUG: ran git fetch --unshallow origin 97e8390ae4eb48174d79d134e89c04e3bc18c0ba: 986534100ce686addf1f8e62352e175460d5b025: in 
DEBUG: JX_LOG_LEVEL=error LC_ALL=C git branch
DEBUG: LC_ALL=C JX_LOG_LEVEL=error git checkout master
DEBUG: ran git checkout master in 
DEBUG: LC_ALL=C JX_LOG_LEVEL=error git reset --hard 986534100ce686addf1f8e62352e175460d5b025
DEBUG: ran git reset --hard 986534100ce686addf1f8e62352e175460d5b025 in 
DEBUG: LC_ALL=C JX_LOG_LEVEL=error git clean -fd .
DEBUG: ran clean --force -d . in 
DEBUG: LC_ALL=C JX_LOG_LEVEL=error git merge 97e8390ae4eb48174d79d134e89c04e3bc18c0ba
DEBUG: ran git merge 97e8390ae4eb48174d79d134e89c04e3bc18c0ba in 
DEBUG: LC_ALL=C JX_LOG_LEVEL=error git log --format=%H%x1f%an%x1f%ae%x1f%cn%x1f%ce%x1f%s%n%b%x1e 986534100ce686addf1f8e62352e175460d5b025..HEAD
Merged SHA 97e8390ae4eb48174d79d134e89c04e3bc18c0ba with commit message 'chore: Promote bdd-nh-import-1590247588 to version 0.0.1' into base branch master

Showing logs for build [32mcb-kubecd-environment-pr-230-13-xxhsv-1[0m stage [32mfrom-build-pack[0m and container [32mstep-build-helm-build[0m
WARNING: No $CHART_REPOSITORY defined so using the default value of: http://jenkins-x-chartmuseum:8080
Adding missing Helm repo: storage.googleapis.com https://storage.googleapis.com/chartmuseum.jenkins-x.io
WARNING: No secrets found on "helm/repos" due: reading the secret "helm/repos" from vault: no secret "helm/repos" not found in vault
Read credentials for https://storage.googleapis.com/chartmuseum.jenkins-x.io from vault helm/repos
Successfully added Helm repository storage.googleapis.com.
Adding missing Helm repo: jenkins-x-chartmuseum http://jenkins-x-chartmuseum:8080
WARNING: No secrets found on "helm/repos" due: reading the secret "helm/repos" from vault: no secret "helm/repos" not found in vault
Read credentials for http://jenkins-x-chartmuseum:8080 from vault helm/repos
Successfully added Helm repository jenkins-x-chartmuseum.
WARNING: No $CHART_REPOSITORY defined so using the default value of: http://jenkins-x-chartmuseum:8080
Adding missing Helm repo: chartmuseum.jenkins-x.io http://chartmuseum.jenkins-x.io
WARNING: No secrets found on "helm/repos" due: reading the secret "helm/repos" from vault: no secret "helm/repos" not found in vault
Read credentials for http://chartmuseum.jenkins-x.io from vault helm/repos
Successfully added Helm repository chartmuseum.jenkins-x.io.
