
Showing logs for build [32mcb-kubecd-environment-pr-230-13-jgwcw-1[0m stage [32mfrom-build-pack[0m and container [32mstep-credential-initializer-ztlnq[0m
{"level":"info","ts":1590245454.7707329,"logger":"fallback-logger","caller":"logging/config.go:69","msg":"Fetch GitHub commit ID from kodata failed: open /var/run/ko/refs/heads/0.8.0-ns-support: no such file or directory"}
{"level":"info","ts":1590245454.7712405,"logger":"fallback-logger","caller":"creds-init/main.go:40","msg":"Credentials initialized."}

Showing logs for build [32mcb-kubecd-environment-pr-230-13-jgwcw-1[0m stage [32mfrom-build-pack[0m and container [32mstep-working-dir-initializer-qr6nm[0m
{"level":"info","ts":1590245455.5200737,"logger":"fallback-logger","caller":"logging/config.go:69","msg":"Fetch GitHub commit ID from kodata failed: open /var/run/ko/HEAD: no such file or directory"}
{"level":"info","ts":1590245455.5218747,"logger":"fallback-logger","caller":"bash/main.go:64","msg":"Successfully executed command \"sh -c mkdir -p /workspace/source\"; output "}

Showing logs for build [32mcb-kubecd-environment-pr-230-13-jgwcw-1[0m stage [32mfrom-build-pack[0m and container [32mstep-place-tools[0m

Showing logs for build [32mcb-kubecd-environment-pr-230-13-jgwcw-1[0m stage [32mfrom-build-pack[0m and container [32mstep-git-source-cb-kubecd-environment-pr-230-13-jgwcw-slfsm[0m
{"level":"info","ts":1590245482.6826234,"logger":"fallback-logger","caller":"logging/config.go:69","msg":"Fetch GitHub commit ID from kodata failed: open /var/run/ko/refs/heads/0.8.0-ns-support: no such file or directory"}
{"level":"info","ts":1590245483.7423882,"logger":"fallback-logger","caller":"git/git.go:103","msg":"Successfully cloned https://github.com/cb-kubecd/environment-pr-230-13-boot-gke-staging.git @ master in path /workspace/source"}

Showing logs for build [32mcb-kubecd-environment-pr-230-13-jgwcw-1[0m stage [32mfrom-build-pack[0m and container [32mstep-git-merge[0m
Using SHAs from PULL_REFS=master:1ff9b1f3cc176ade78c29d58b94e3c79ef33bb9b,2:94a8ef51e2e48f47e5d110ea11d8654bced4ead2
DEBUG: LC_ALL=C JX_LOG_LEVEL=error git fetch origin --unshallow 94a8ef51e2e48f47e5d110ea11d8654bced4ead2: 1ff9b1f3cc176ade78c29d58b94e3c79ef33bb9b:
DEBUG: ran git fetch --unshallow origin 94a8ef51e2e48f47e5d110ea11d8654bced4ead2: 1ff9b1f3cc176ade78c29d58b94e3c79ef33bb9b: in 
DEBUG: LC_ALL=C JX_LOG_LEVEL=error git branch
DEBUG: LC_ALL=C JX_LOG_LEVEL=error git checkout master
DEBUG: ran git checkout master in 
DEBUG: LC_ALL=C JX_LOG_LEVEL=error git reset --hard 1ff9b1f3cc176ade78c29d58b94e3c79ef33bb9b
DEBUG: ran git reset --hard 1ff9b1f3cc176ade78c29d58b94e3c79ef33bb9b in 
DEBUG: LC_ALL=C JX_LOG_LEVEL=error git clean -fd .
DEBUG: ran clean --force -d . in 
DEBUG: LC_ALL=C JX_LOG_LEVEL=error git merge 94a8ef51e2e48f47e5d110ea11d8654bced4ead2
DEBUG: ran git merge 94a8ef51e2e48f47e5d110ea11d8654bced4ead2 in 
DEBUG: LC_ALL=C JX_LOG_LEVEL=error git log --format=%H%x1f%an%x1f%ae%x1f%cn%x1f%ce%x1f%s%n%b%x1e 1ff9b1f3cc176ade78c29d58b94e3c79ef33bb9b..HEAD
Merged SHA 94a8ef51e2e48f47e5d110ea11d8654bced4ead2 with commit message 'chore: Promote bdd-nh-1590245154 to version 0.0.1' into base branch master

Showing logs for build [32mcb-kubecd-environment-pr-230-13-jgwcw-1[0m stage [32mfrom-build-pack[0m and container [32mstep-build-helm-build[0m
WARNING: No $CHART_REPOSITORY defined so using the default value of: http://jenkins-x-chartmuseum:8080
Adding missing Helm repo: storage.googleapis.com https://storage.googleapis.com/chartmuseum.jenkins-x.io
WARNING: No secrets found on "helm/repos" due: reading the secret "helm/repos" from vault: no secret "helm/repos" not found in vault
Read credentials for https://storage.googleapis.com/chartmuseum.jenkins-x.io from vault helm/repos
Successfully added Helm repository storage.googleapis.com.
Adding missing Helm repo: jenkins-x-chartmuseum http://jenkins-x-chartmuseum:8080
WARNING: No secrets found on "helm/repos" due: reading the secret "helm/repos" from vault: no secret "helm/repos" not found in vault
Read credentials for http://jenkins-x-chartmuseum:8080 from vault helm/repos
Successfully added Helm repository jenkins-x-chartmuseum.
WARNING: No $CHART_REPOSITORY defined so using the default value of: http://jenkins-x-chartmuseum:8080
Adding missing Helm repo: chartmuseum.jenkins-x.io http://chartmuseum.jenkins-x.io
WARNING: No secrets found on "helm/repos" due: reading the secret "helm/repos" from vault: no secret "helm/repos" not found in vault
Read credentials for http://chartmuseum.jenkins-x.io from vault helm/repos
Successfully added Helm repository chartmuseum.jenkins-x.io.
