
Showing logs for build [32mcb-kubecd-environment-pr-230-13-wqvwp-1[0m stage [32mfrom-build-pack[0m and container [32mstep-credential-initializer-9z5sk[0m
{"level":"info","ts":1590247085.7584083,"logger":"fallback-logger","caller":"logging/config.go:69","msg":"Fetch GitHub commit ID from kodata failed: open /var/run/ko/refs/heads/0.8.0-ns-support: no such file or directory"}
{"level":"info","ts":1590247085.759423,"logger":"fallback-logger","caller":"creds-init/main.go:40","msg":"Credentials initialized."}

Showing logs for build [32mcb-kubecd-environment-pr-230-13-wqvwp-1[0m stage [32mfrom-build-pack[0m and container [32mstep-working-dir-initializer-b8wjg[0m
{"level":"info","ts":1590247086.7201774,"logger":"fallback-logger","caller":"logging/config.go:69","msg":"Fetch GitHub commit ID from kodata failed: open /var/run/ko/HEAD: no such file or directory"}
{"level":"info","ts":1590247086.7214785,"logger":"fallback-logger","caller":"bash/main.go:64","msg":"Successfully executed command \"sh -c mkdir -p /workspace/source\"; output "}

Showing logs for build [32mcb-kubecd-environment-pr-230-13-wqvwp-1[0m stage [32mfrom-build-pack[0m and container [32mstep-place-tools[0m

Showing logs for build [32mcb-kubecd-environment-pr-230-13-wqvwp-1[0m stage [32mfrom-build-pack[0m and container [32mstep-git-source-cb-kubecd-environment-pr-230-13-wqvwp-6jltj[0m
{"level":"info","ts":1590247093.03961,"logger":"fallback-logger","caller":"logging/config.go:69","msg":"Fetch GitHub commit ID from kodata failed: open /var/run/ko/refs/heads/0.8.0-ns-support: no such file or directory"}
{"level":"info","ts":1590247094.1643302,"logger":"fallback-logger","caller":"git/git.go:103","msg":"Successfully cloned https://github.com/cb-kubecd/environment-pr-230-13-boot-gke-staging.git @ master in path /workspace/source"}

Showing logs for build [32mcb-kubecd-environment-pr-230-13-wqvwp-1[0m stage [32mfrom-build-pack[0m and container [32mstep-git-merge[0m
Using SHAs from PULL_REFS=master:414b31f40a42a50b79da5e97621b502100b03c5c,4:a53fbdaa2e23d8d5dccfb663ddd4bc81f79b7acf
DEBUG: LC_ALL=C JX_LOG_LEVEL=error git fetch origin --unshallow a53fbdaa2e23d8d5dccfb663ddd4bc81f79b7acf: 414b31f40a42a50b79da5e97621b502100b03c5c:
DEBUG: ran git fetch --unshallow origin a53fbdaa2e23d8d5dccfb663ddd4bc81f79b7acf: 414b31f40a42a50b79da5e97621b502100b03c5c: in 
DEBUG: LC_ALL=C JX_LOG_LEVEL=error git branch
DEBUG: JX_LOG_LEVEL=error LC_ALL=C git checkout master
DEBUG: ran git checkout master in 
DEBUG: LC_ALL=C JX_LOG_LEVEL=error git reset --hard 414b31f40a42a50b79da5e97621b502100b03c5c
DEBUG: ran git reset --hard 414b31f40a42a50b79da5e97621b502100b03c5c in 
DEBUG: LC_ALL=C JX_LOG_LEVEL=error git clean -fd .
DEBUG: ran clean --force -d . in 
DEBUG: LC_ALL=C JX_LOG_LEVEL=error git merge a53fbdaa2e23d8d5dccfb663ddd4bc81f79b7acf
DEBUG: ran git merge a53fbdaa2e23d8d5dccfb663ddd4bc81f79b7acf in 
DEBUG: LC_ALL=C JX_LOG_LEVEL=error git log --format=%H%x1f%an%x1f%ae%x1f%cn%x1f%ce%x1f%s%n%b%x1e 414b31f40a42a50b79da5e97621b502100b03c5c..HEAD
Merged SHA a53fbdaa2e23d8d5dccfb663ddd4bc81f79b7acf with commit message 'chore: Promote bdd-gh-1590245154 to version 0.0.1' into base branch master

Showing logs for build [32mcb-kubecd-environment-pr-230-13-wqvwp-1[0m stage [32mfrom-build-pack[0m and container [32mstep-build-helm-build[0m
WARNING: No $CHART_REPOSITORY defined so using the default value of: http://jenkins-x-chartmuseum:8080
Adding missing Helm repo: storage.googleapis.com https://storage.googleapis.com/chartmuseum.jenkins-x.io
WARNING: No secrets found on "helm/repos" due: reading the secret "helm/repos" from vault: no secret "helm/repos" not found in vault
Read credentials for https://storage.googleapis.com/chartmuseum.jenkins-x.io from vault helm/repos
Successfully added Helm repository storage.googleapis.com.
Adding missing Helm repo: jenkins-x-chartmuseum http://jenkins-x-chartmuseum:8080
WARNING: No secrets found on "helm/repos" due: reading the secret "helm/repos" from vault: no secret "helm/repos" not found in vault
Read credentials for http://jenkins-x-chartmuseum:8080 from vault helm/repos
Successfully added Helm repository jenkins-x-chartmuseum.
WARNING: No $CHART_REPOSITORY defined so using the default value of: http://jenkins-x-chartmuseum:8080
Adding missing Helm repo: chartmuseum.jenkins-x.io http://chartmuseum.jenkins-x.io
WARNING: No secrets found on "helm/repos" due: reading the secret "helm/repos" from vault: no secret "helm/repos" not found in vault
Read credentials for http://chartmuseum.jenkins-x.io from vault helm/repos
Successfully added Helm repository chartmuseum.jenkins-x.io.
